#
# There is insufficient memory for the Java Runtime Environment to continue.
# Native memory allocation (malloc) failed to allocate 986320 bytes. Error detail: Chunk::new
# Possible reasons:
#   The system is out of physical RAM or swap space
#   This process is running with CompressedOops enabled, and the Java Heap may be blocking the growth of the native heap
# Possible solutions:
#   Reduce memory load on the system
#   Increase physical memory or swap space
#   Check if swap backing store is full
#   Decrease Java heap size (-Xmx/-Xms)
#   Decrease number of Java threads
#   Decrease Java thread stack sizes (-Xss)
#   Set larger code cache with -XX:ReservedCodeCacheSize=
#   JVM is running with Unscaled Compressed Oops mode in which the Java heap is
#     placed in the first 4GB address space. The Java Heap base address is the
#     maximum limit for the native heap growth. Please use -XX:HeapBaseMinAddress
#     to set the Java Heap base and to place the Java Heap above 4GB virtual address.
# This output file may be truncated or incomplete.
#
#  Out of Memory Error (arena.cpp:168), pid=1308, tid=5812
#
# JRE version: OpenJDK Runtime Environment (21.0.3) (build 21.0.3+-12282718-b509.11)
# Java VM: OpenJDK 64-Bit Server VM (21.0.3+-12282718-b509.11, mixed mode, tiered, compressed oops, compressed class ptrs, g1 gc, windows-amd64)
# No core dump will be written. Minidumps are not enabled by default on client versions of Windows
#

---------------  S U M M A R Y ------------

Command Line: --add-opens=java.base/java.util.concurrent.atomic=ALL-UNNAMED --add-opens=java.base/java.util=ALL-UNNAMED --add-opens=java.base/java.lang=ALL-UNNAMED --add-opens=java.base/java.lang.invoke=ALL-UNNAMED --add-opens=java.prefs/java.util.prefs=ALL-UNNAMED --add-opens=java.base/java.nio.charset=ALL-UNNAMED --add-opens=java.base/java.net=ALL-UNNAMED --add-opens=java.base/java.util.concurrent.atomic=ALL-UNNAMED -Xmx2048m -Dfile.encoding=UTF-8 -Duser.country=US -Duser.language=en -Duser.variant -javaagent:C:\Users\phamt\.gradle\wrapper\dists\gradle-8.7-bin\bhs2wmbdwecv87pi65oeuq5iu\gradle-8.7\lib\agents\gradle-instrumentation-agent-8.7.jar org.gradle.launcher.daemon.bootstrap.GradleDaemon 8.7

Host: Intel(R) Core(TM) i3-1005G1 CPU @ 1.20GHz, 4 cores, 3G,  Windows 11 , 64 bit Build 22621 (10.0.22621.4391)
Time: Sun Dec  1 11:01:58 2024 SE Asia Standard Time elapsed time: 18.448993 seconds (0d 0h 0m 18s)

---------------  T H R E A D  ---------------

Current thread (0x00000246a3016b00):  JavaThread "C2 CompilerThread0" daemon [_thread_in_native, id=5812, stack(0x000000f35c400000,0x000000f35c500000) (1024K)]


Current CompileTask:
C2:  18449 5434       4       jdk.internal.loader.BuiltinClassLoader::loadClassOrNull (7 bytes)

Stack: [0x000000f35c400000,0x000000f35c500000]
Native frames: (J=compiled Java code, j=interpreted, Vv=VM code, C=native code)
V  [jvm.dll+0x6cafb9]
V  [jvm.dll+0x858523]
V  [jvm.dll+0x85aa7e]
V  [jvm.dll+0x85b163]
V  [jvm.dll+0x27d356]
V  [jvm.dll+0xbf93d]
V  [jvm.dll+0xbfe73]
V  [jvm.dll+0x3b1ceb]
V  [jvm.dll+0x37e787]
V  [jvm.dll+0x37dbfa]
V  [jvm.dll+0x246b02]
V  [jvm.dll+0x2460d1]
V  [jvm.dll+0x1c5804]
V  [jvm.dll+0x25575c]
V  [jvm.dll+0x253c36]
V  [jvm.dll+0x3ec996]
V  [jvm.dll+0x800d78]
V  [jvm.dll+0x6c98cd]
C  [ucrtbase.dll+0x29333]
C  [KERNEL32.DLL+0x1259d]
C  [ntdll.dll+0x5af38]


---------------  P R O C E S S  ---------------

Threads class SMR info:
_java_thread_list=0x00000246a63db770, length=40, elements={
0x0000024685cde540, 0x00000246a302fbd0, 0x000002469ecec3a0, 0x000002469eceac20,
0x000002469eceb770, 0x00000246a3014300, 0x00000246a3015d70, 0x00000246a3016b00,
0x00000246a3017e70, 0x00000246a30f4fe0, 0x00000246a33c8550, 0x00000246a4cadc30,
0x00000246a4862c10, 0x00000246a4ae4070, 0x00000246a4c88640, 0x00000246a4c88cb0,
0x00000246a4b2c0e0, 0x00000246a4b02bf0, 0x00000246a4b03fa0, 0x00000246a4b03280,
0x00000246a4b01ed0, 0x00000246a4b05350, 0x00000246a4b04cc0, 0x00000246a4b04630,
0x00000246a6e1a330, 0x00000246a6e1a9c0, 0x00000246a6e16190, 0x00000246a6e14de0,
0x00000246a6e16eb0, 0x00000246a6e17540, 0x00000246a6e18260, 0x00000246a6e188f0,
0x00000246a6e18f80, 0x00000246a6e1b050, 0x00000246a6e1b6e0, 0x00000246a6e1bd70,
0x00000246a6e16820, 0x00000246a56844b0, 0x00000246a5685ef0, 0x00000246a5689a00
}

Java Threads: ( => current thread )
  0x0000024685cde540 JavaThread "main"                              [_thread_blocked, id=11984, stack(0x000000f35b600000,0x000000f35b700000) (1024K)]
  0x00000246a302fbd0 JavaThread "Reference Handler"          daemon [_thread_blocked, id=10756, stack(0x000000f35be00000,0x000000f35bf00000) (1024K)]
  0x000002469ecec3a0 JavaThread "Finalizer"                  daemon [_thread_blocked, id=8484, stack(0x000000f35bf00000,0x000000f35c000000) (1024K)]
  0x000002469eceac20 JavaThread "Signal Dispatcher"          daemon [_thread_blocked, id=11688, stack(0x000000f35c000000,0x000000f35c100000) (1024K)]
  0x000002469eceb770 JavaThread "Attach Listener"            daemon [_thread_blocked, id=13736, stack(0x000000f35c100000,0x000000f35c200000) (1024K)]
  0x00000246a3014300 JavaThread "Service Thread"             daemon [_thread_blocked, id=10936, stack(0x000000f35c200000,0x000000f35c300000) (1024K)]
  0x00000246a3015d70 JavaThread "Monitor Deflation Thread"   daemon [_thread_blocked, id=3908, stack(0x000000f35c300000,0x000000f35c400000) (1024K)]
=>0x00000246a3016b00 JavaThread "C2 CompilerThread0"         daemon [_thread_in_native, id=5812, stack(0x000000f35c400000,0x000000f35c500000) (1024K)]
  0x00000246a3017e70 JavaThread "C1 CompilerThread0"         daemon [_thread_blocked, id=13000, stack(0x000000f35c500000,0x000000f35c600000) (1024K)]
  0x00000246a30f4fe0 JavaThread "Common-Cleaner"             daemon [_thread_blocked, id=3816, stack(0x000000f35c600000,0x000000f35c700000) (1024K)]
  0x00000246a33c8550 JavaThread "Notification Thread"        daemon [_thread_blocked, id=13864, stack(0x000000f35c700000,0x000000f35c800000) (1024K)]
  0x00000246a4cadc30 JavaThread "Daemon health stats"               [_thread_blocked, id=13920, stack(0x000000f35cb00000,0x000000f35cc00000) (1024K)]
  0x00000246a4862c10 JavaThread "Incoming local TCP Connector on port 51498"        [_thread_in_native, id=13276, stack(0x000000f35cc00000,0x000000f35cd00000) (1024K)]
  0x00000246a4ae4070 JavaThread "Daemon periodic checks"            [_thread_blocked, id=10444, stack(0x000000f35cd00000,0x000000f35ce00000) (1024K)]
  0x00000246a4c88640 JavaThread "Daemon"                            [_thread_blocked, id=4868, stack(0x000000f35ce00000,0x000000f35cf00000) (1024K)]
  0x00000246a4c88cb0 JavaThread "Handler for socket connection from /127.0.0.1:51498 to /127.0.0.1:51499"        [_thread_in_native, id=10428, stack(0x000000f35cf00000,0x000000f35d000000) (1024K)]
  0x00000246a4b2c0e0 JavaThread "Cancel handler"                    [_thread_blocked, id=13264, stack(0x000000f35d000000,0x000000f35d100000) (1024K)]
  0x00000246a4b02bf0 JavaThread "Daemon worker"                     [_thread_in_vm, id=8552, stack(0x000000f35d100000,0x000000f35d200000) (1024K)]
  0x00000246a4b03fa0 JavaThread "Asynchronous log dispatcher for DefaultDaemonConnection: socket connection from /127.0.0.1:51498 to /127.0.0.1:51499"        [_thread_blocked, id=4484, stack(0x000000f35d200000,0x000000f35d300000) (1024K)]
  0x00000246a4b03280 JavaThread "Stdin handler"                     [_thread_blocked, id=10992, stack(0x000000f35d300000,0x000000f35d400000) (1024K)]
  0x00000246a4b01ed0 JavaThread "Daemon client event forwarder"        [_thread_blocked, id=12264, stack(0x000000f35d400000,0x000000f35d500000) (1024K)]
  0x00000246a4b05350 JavaThread "Cache worker for journal cache (C:\Users\phamt\.gradle\caches\journal-1)"        [_thread_blocked, id=13588, stack(0x000000f35d500000,0x000000f35d600000) (1024K)]
  0x00000246a4b04cc0 JavaThread "File lock request listener"        [_thread_in_native, id=9160, stack(0x000000f35d600000,0x000000f35d700000) (1024K)]
  0x00000246a4b04630 JavaThread "Cache worker for file hash cache (C:\Users\phamt\.gradle\caches\8.7\fileHashes)"        [_thread_blocked, id=3852, stack(0x000000f35d700000,0x000000f35d800000) (1024K)]
  0x00000246a6e1a330 JavaThread "Cache worker for file hash cache (D:\Year4\LTUD\AndroidStudioProjects\Final\.gradle\8.7\fileHashes)"        [_thread_blocked, id=13512, stack(0x000000f35d800000,0x000000f35d900000) (1024K)]
  0x00000246a6e1a9c0 JavaThread "File watcher server"        daemon [_thread_in_native, id=8812, stack(0x000000f35d900000,0x000000f35da00000) (1024K)]
  0x00000246a6e16190 JavaThread "File watcher consumer"      daemon [_thread_blocked, id=4132, stack(0x000000f35da00000,0x000000f35db00000) (1024K)]
  0x00000246a6e14de0 JavaThread "jar transforms"                    [_thread_blocked, id=5112, stack(0x000000f35db00000,0x000000f35dc00000) (1024K)]
  0x00000246a6e16eb0 JavaThread "jar transforms Thread 2"           [_thread_blocked, id=14308, stack(0x000000f35dc00000,0x000000f35dd00000) (1024K)]
  0x00000246a6e17540 JavaThread "jar transforms Thread 3"           [_thread_blocked, id=10740, stack(0x000000f35dd00000,0x000000f35de00000) (1024K)]
  0x00000246a6e18260 JavaThread "jar transforms Thread 4"           [_thread_blocked, id=8424, stack(0x000000f35de00000,0x000000f35df00000) (1024K)]
  0x00000246a6e188f0 JavaThread "Cache worker for checksums cache (D:\Year4\LTUD\AndroidStudioProjects\Final\.gradle\8.7\checksums)"        [_thread_blocked, id=9244, stack(0x000000f35df00000,0x000000f35e000000) (1024K)]
  0x00000246a6e18f80 JavaThread "Cache worker for cache directory md-supplier (C:\Users\phamt\.gradle\caches\8.7\md-supplier)"        [_thread_blocked, id=12032, stack(0x000000f35e000000,0x000000f35e100000) (1024K)]
  0x00000246a6e1b050 JavaThread "Cache worker for cache directory md-rule (C:\Users\phamt\.gradle\caches\8.7\md-rule)"        [_thread_blocked, id=6484, stack(0x000000f35e100000,0x000000f35e200000) (1024K)]
  0x00000246a6e1b6e0 JavaThread "Cache worker for file content cache (C:\Users\phamt\.gradle\caches\8.7\fileContent)"        [_thread_blocked, id=5980, stack(0x000000f35e200000,0x000000f35e300000) (1024K)]
  0x00000246a6e1bd70 JavaThread "Unconstrained build operations"        [_thread_blocked, id=13956, stack(0x000000f35e300000,0x000000f35e400000) (1024K)]
  0x00000246a6e16820 JavaThread "Unconstrained build operations Thread 2"        [_thread_blocked, id=11944, stack(0x000000f35e400000,0x000000f35e500000) (1024K)]
  0x00000246a56844b0 JavaThread "Unconstrained build operations Thread 3"        [_thread_blocked, id=6296, stack(0x000000f35e500000,0x000000f35e600000) (1024K)]
  0x00000246a5685ef0 JavaThread "Unconstrained build operations Thread 4"        [_thread_blocked, id=5476, stack(0x000000f35e600000,0x000000f35e700000) (1024K)]
  0x00000246a5689a00 JavaThread "Unconstrained build operations Thread 5"        [_thread_blocked, id=10368, stack(0x000000f35e700000,0x000000f35e800000) (1024K)]
Total: 40

Other Threads:
  0x000002469ec25cf0 VMThread "VM Thread"                           [id=9992, stack(0x000000f35bd00000,0x000000f35be00000) (1024K)]
  0x000002469ec14790 WatcherThread "VM Periodic Task Thread"        [id=6360, stack(0x000000f35bc00000,0x000000f35bd00000) (1024K)]
  0x0000024685f6f7f0 WorkerThread "GC Thread#0"                     [id=13692, stack(0x000000f35b700000,0x000000f35b800000) (1024K)]
  0x00000246a3390080 WorkerThread "GC Thread#1"                     [id=11056, stack(0x000000f35c800000,0x000000f35c900000) (1024K)]
  0x00000246a3390420 WorkerThread "GC Thread#2"                     [id=6508, stack(0x000000f35c900000,0x000000f35ca00000) (1024K)]
  0x00000246a3cc6000 WorkerThread "GC Thread#3"                     [id=6068, stack(0x000000f35ca00000,0x000000f35cb00000) (1024K)]
  0x0000024685f807d0 ConcurrentGCThread "G1 Main Marker"            [id=1060, stack(0x000000f35b800000,0x000000f35b900000) (1024K)]
  0x0000024685f812d0 WorkerThread "G1 Conc#0"                       [id=10536, stack(0x000000f35b900000,0x000000f35ba00000) (1024K)]
  0x0000024685fd69b0 ConcurrentGCThread "G1 Refine#0"               [id=6136, stack(0x000000f35ba00000,0x000000f35bb00000) (1024K)]
  0x0000024685fd7520 ConcurrentGCThread "G1 Service"                [id=13572, stack(0x000000f35bb00000,0x000000f35bc00000) (1024K)]
Total: 10

Threads with active compile tasks:
C2 CompilerThread0    18723 5434       4       jdk.internal.loader.BuiltinClassLoader::loadClassOrNull (7 bytes)
Total: 1

VM state: not at safepoint (normal execution)

VM Mutex/Monitor currently owned by a thread: None

Heap address: 0x0000000080000000, size: 2048 MB, Compressed Oops mode: 32-bit

CDS archive(s) not mapped
Compressed class space mapped at: 0x0000000100000000-0x0000000140000000, reserved size: 1073741824
Narrow klass base: 0x0000000000000000, Narrow klass shift: 3, Narrow klass range: 0x140000000

GC Precious Log:
 CardTable entry size: 512
 Card Set container configuration: InlinePtr #cards 5 size 8 Array Of Cards #cards 12 size 40 Howl #buckets 4 coarsen threshold 1843 Howl Bitmap #cards 512 size 80 coarsen threshold 460 Card regions per heap region 1 cards per card region 2048
 CPUs: 4 total, 4 available
 Memory: 3784M
 Large Page Support: Disabled
 NUMA Support: Disabled
 Compressed Oops: Enabled (32-bit)
 Heap Region Size: 1M
 Heap Min Capacity: 8M
 Heap Initial Capacity: 60M
 Heap Max Capacity: 2G
 Pre-touch: Disabled
 Parallel Workers: 4
 Concurrent Workers: 1
 Concurrent Refinement Workers: 4
 Periodic GC: Disabled

Heap:
 garbage-first heap   total 128000K, used 84638K [0x0000000080000000, 0x0000000100000000)
  region size 1024K, 17 young (17408K), 1 survivors (1024K)
 Metaspace       used 58199K, committed 59712K, reserved 1114112K
  class space    used 7838K, committed 8576K, reserved 1048576K

Heap Regions: E=young(eden), S=young(survivor), O=old, HS=humongous(starts), HC=humongous(continues), CS=collection set, F=free, TAMS=top-at-mark-start, PB=parsable bottom
|   0|0x0000000080000000, 0x0000000080100000, 0x0000000080100000|100%| O|  |TAMS 0x0000000080000000| PB 0x0000000080000000| Untracked 
|   1|0x0000000080100000, 0x0000000080200000, 0x0000000080200000|100%|HS|  |TAMS 0x0000000080100000| PB 0x0000000080100000| Complete 
|   2|0x0000000080200000, 0x0000000080300000, 0x0000000080300000|100%|HC|  |TAMS 0x0000000080200000| PB 0x0000000080200000| Complete 
|   3|0x0000000080300000, 0x0000000080400000, 0x0000000080400000|100%|HC|  |TAMS 0x0000000080300000| PB 0x0000000080300000| Complete 
|   4|0x0000000080400000, 0x0000000080500000, 0x0000000080500000|100%|HC|  |TAMS 0x0000000080400000| PB 0x0000000080400000| Complete 
|   5|0x0000000080500000, 0x0000000080600000, 0x0000000080600000|100%| O|  |TAMS 0x0000000080500000| PB 0x0000000080500000| Untracked 
|   6|0x0000000080600000, 0x0000000080700000, 0x0000000080700000|100%| O|  |TAMS 0x0000000080600000| PB 0x0000000080600000| Untracked 
|   7|0x0000000080700000, 0x0000000080800000, 0x0000000080800000|100%| O|  |TAMS 0x0000000080700000| PB 0x0000000080700000| Untracked 
|   8|0x0000000080800000, 0x0000000080900000, 0x0000000080900000|100%| O|  |TAMS 0x0000000080800000| PB 0x0000000080800000| Untracked 
|   9|0x0000000080900000, 0x0000000080a00000, 0x0000000080a00000|100%| O|  |TAMS 0x0000000080900000| PB 0x0000000080900000| Untracked 
|  10|0x0000000080a00000, 0x0000000080b00000, 0x0000000080b00000|100%| O|  |TAMS 0x0000000080a00000| PB 0x0000000080a00000| Untracked 
|  11|0x0000000080b00000, 0x0000000080c00000, 0x0000000080c00000|100%| O|  |TAMS 0x0000000080b00000| PB 0x0000000080b00000| Untracked 
|  12|0x0000000080c00000, 0x0000000080d00000, 0x0000000080d00000|100%| O|  |TAMS 0x0000000080c00000| PB 0x0000000080c00000| Untracked 
|  13|0x0000000080d00000, 0x0000000080e00000, 0x0000000080e00000|100%| O|  |TAMS 0x0000000080d00000| PB 0x0000000080d00000| Untracked 
|  14|0x0000000080e00000, 0x0000000080f00000, 0x0000000080f00000|100%| O|  |TAMS 0x0000000080e00000| PB 0x0000000080e00000| Untracked 
|  15|0x0000000080f00000, 0x0000000081000000, 0x0000000081000000|100%| O|  |TAMS 0x0000000080f00000| PB 0x0000000080f00000| Untracked 
|  16|0x0000000081000000, 0x0000000081100000, 0x0000000081100000|100%| O|  |TAMS 0x0000000081000000| PB 0x0000000081000000| Untracked 
|  17|0x0000000081100000, 0x0000000081200000, 0x0000000081200000|100%| O|  |TAMS 0x0000000081100000| PB 0x0000000081100000| Untracked 
|  18|0x0000000081200000, 0x0000000081300000, 0x0000000081300000|100%| O|  |TAMS 0x0000000081200000| PB 0x0000000081200000| Untracked 
|  19|0x0000000081300000, 0x0000000081400000, 0x0000000081400000|100%| O|  |TAMS 0x0000000081300000| PB 0x0000000081300000| Untracked 
|  20|0x0000000081400000, 0x0000000081500000, 0x0000000081500000|100%|HS|  |TAMS 0x0000000081400000| PB 0x0000000081400000| Complete 
|  21|0x0000000081500000, 0x0000000081600000, 0x0000000081600000|100%|HC|  |TAMS 0x0000000081500000| PB 0x0000000081500000| Complete 
|  22|0x0000000081600000, 0x0000000081700000, 0x0000000081700000|100%|HC|  |TAMS 0x0000000081600000| PB 0x0000000081600000| Complete 
|  23|0x0000000081700000, 0x0000000081800000, 0x0000000081800000|100%|HC|  |TAMS 0x0000000081700000| PB 0x0000000081700000| Complete 
|  24|0x0000000081800000, 0x0000000081900000, 0x0000000081900000|100%|HC|  |TAMS 0x0000000081800000| PB 0x0000000081800000| Complete 
|  25|0x0000000081900000, 0x0000000081a00000, 0x0000000081a00000|100%|HC|  |TAMS 0x0000000081900000| PB 0x0000000081900000| Complete 
|  26|0x0000000081a00000, 0x0000000081b00000, 0x0000000081b00000|100%| O|  |TAMS 0x0000000081a00000| PB 0x0000000081a00000| Untracked 
|  27|0x0000000081b00000, 0x0000000081c00000, 0x0000000081c00000|100%|HS|  |TAMS 0x0000000081b00000| PB 0x0000000081b00000| Complete 
|  28|0x0000000081c00000, 0x0000000081d00000, 0x0000000081d00000|100%|HC|  |TAMS 0x0000000081c00000| PB 0x0000000081c00000| Complete 
|  29|0x0000000081d00000, 0x0000000081e00000, 0x0000000081e00000|100%|HC|  |TAMS 0x0000000081d00000| PB 0x0000000081d00000| Complete 
|  30|0x0000000081e00000, 0x0000000081f00000, 0x0000000081f00000|100%| O|  |TAMS 0x0000000081e00000| PB 0x0000000081e00000| Untracked 
|  31|0x0000000081f00000, 0x0000000082000000, 0x0000000082000000|100%| O|  |TAMS 0x0000000081f00000| PB 0x0000000081f00000| Untracked 
|  32|0x0000000082000000, 0x0000000082100000, 0x0000000082100000|100%|HS|  |TAMS 0x0000000082000000| PB 0x0000000082000000| Complete 
|  33|0x0000000082100000, 0x0000000082200000, 0x0000000082200000|100%| O|  |TAMS 0x0000000082100000| PB 0x0000000082100000| Untracked 
|  34|0x0000000082200000, 0x0000000082300000, 0x0000000082300000|100%| O|  |TAMS 0x0000000082200000| PB 0x0000000082200000| Untracked 
|  35|0x0000000082300000, 0x0000000082400000, 0x0000000082400000|100%|HS|  |TAMS 0x0000000082300000| PB 0x0000000082300000| Complete 
|  36|0x0000000082400000, 0x0000000082500000, 0x0000000082500000|100%|HC|  |TAMS 0x0000000082400000| PB 0x0000000082400000| Complete 
|  37|0x0000000082500000, 0x0000000082600000, 0x0000000082600000|100%| O|  |TAMS 0x0000000082500000| PB 0x0000000082500000| Untracked 
|  38|0x0000000082600000, 0x0000000082700000, 0x0000000082700000|100%| O|  |TAMS 0x0000000082600000| PB 0x0000000082600000| Untracked 
|  39|0x0000000082700000, 0x0000000082800000, 0x0000000082800000|100%| O|  |TAMS 0x0000000082700000| PB 0x0000000082700000| Untracked 
|  40|0x0000000082800000, 0x0000000082900000, 0x0000000082900000|100%| O|  |TAMS 0x0000000082800000| PB 0x0000000082800000| Untracked 
|  41|0x0000000082900000, 0x0000000082a00000, 0x0000000082a00000|100%| O|  |TAMS 0x0000000082900000| PB 0x0000000082900000| Untracked 
|  42|0x0000000082a00000, 0x0000000082b00000, 0x0000000082b00000|100%| O|  |TAMS 0x0000000082a00000| PB 0x0000000082a00000| Untracked 
|  43|0x0000000082b00000, 0x0000000082c00000, 0x0000000082c00000|100%| O|  |TAMS 0x0000000082b00000| PB 0x0000000082b00000| Untracked 
|  44|0x0000000082c00000, 0x0000000082d00000, 0x0000000082d00000|100%| O|Cm|TAMS 0x0000000082c00000| PB 0x0000000082c00000| Complete 
|  45|0x0000000082d00000, 0x0000000082e00000, 0x0000000082e00000|100%|HS|  |TAMS 0x0000000082d00000| PB 0x0000000082d00000| Complete 
|  46|0x0000000082e00000, 0x0000000082f00000, 0x0000000082f00000|100%|HC|  |TAMS 0x0000000082e00000| PB 0x0000000082e00000| Complete 
|  47|0x0000000082f00000, 0x0000000083000000, 0x0000000083000000|100%|HS|  |TAMS 0x0000000082f00000| PB 0x0000000082f00000| Complete 
|  48|0x0000000083000000, 0x0000000083100000, 0x0000000083100000|100%|HC|  |TAMS 0x0000000083000000| PB 0x0000000083000000| Complete 
|  49|0x0000000083100000, 0x0000000083200000, 0x0000000083200000|100%|HC|  |TAMS 0x0000000083100000| PB 0x0000000083100000| Complete 
|  50|0x0000000083200000, 0x0000000083300000, 0x0000000083300000|100%|HC|  |TAMS 0x0000000083200000| PB 0x0000000083200000| Complete 
|  51|0x0000000083300000, 0x0000000083400000, 0x0000000083400000|100%|HC|  |TAMS 0x0000000083300000| PB 0x0000000083300000| Complete 
|  52|0x0000000083400000, 0x0000000083500000, 0x0000000083500000|100%|HC|  |TAMS 0x0000000083400000| PB 0x0000000083400000| Complete 
|  53|0x0000000083500000, 0x0000000083600000, 0x0000000083600000|100%| O|  |TAMS 0x0000000083500000| PB 0x0000000083500000| Untracked 
|  54|0x0000000083600000, 0x0000000083700000, 0x0000000083700000|100%| O|  |TAMS 0x0000000083600000| PB 0x0000000083600000| Untracked 
|  55|0x0000000083700000, 0x000000008373bae0, 0x0000000083800000| 23%| O|  |TAMS 0x0000000083700000| PB 0x0000000083700000| Untracked 
|  56|0x0000000083800000, 0x0000000083900000, 0x0000000083900000|100%|HS|  |TAMS 0x0000000083800000| PB 0x0000000083800000| Complete 
|  57|0x0000000083900000, 0x0000000083a00000, 0x0000000083a00000|100%|HC|  |TAMS 0x0000000083900000| PB 0x0000000083900000| Complete 
|  58|0x0000000083a00000, 0x0000000083b00000, 0x0000000083b00000|100%|HC|  |TAMS 0x0000000083a00000| PB 0x0000000083a00000| Complete 
|  59|0x0000000083b00000, 0x0000000083c00000, 0x0000000083c00000|100%|HC|  |TAMS 0x0000000083b00000| PB 0x0000000083b00000| Complete 
|  60|0x0000000083c00000, 0x0000000083d00000, 0x0000000083d00000|100%|HC|  |TAMS 0x0000000083c00000| PB 0x0000000083c00000| Complete 
|  61|0x0000000083d00000, 0x0000000083e00000, 0x0000000083e00000|100%|HC|  |TAMS 0x0000000083d00000| PB 0x0000000083d00000| Complete 
|  62|0x0000000083e00000, 0x0000000083e00000, 0x0000000083f00000|  0%| F|  |TAMS 0x0000000083e00000| PB 0x0000000083e00000| Untracked 
|  63|0x0000000083f00000, 0x0000000083f00000, 0x0000000084000000|  0%| F|  |TAMS 0x0000000083f00000| PB 0x0000000083f00000| Untracked 
|  64|0x0000000084000000, 0x0000000084000000, 0x0000000084100000|  0%| F|  |TAMS 0x0000000084000000| PB 0x0000000084000000| Untracked 
|  65|0x0000000084100000, 0x0000000084100000, 0x0000000084200000|  0%| F|  |TAMS 0x0000000084100000| PB 0x0000000084100000| Untracked 
|  66|0x0000000084200000, 0x0000000084200000, 0x0000000084300000|  0%| F|  |TAMS 0x0000000084200000| PB 0x0000000084200000| Untracked 
|  67|0x0000000084300000, 0x0000000084300000, 0x0000000084400000|  0%| F|  |TAMS 0x0000000084300000| PB 0x0000000084300000| Untracked 
|  68|0x0000000084400000, 0x0000000084400000, 0x0000000084500000|  0%| F|  |TAMS 0x0000000084400000| PB 0x0000000084400000| Untracked 
|  69|0x0000000084500000, 0x0000000084500000, 0x0000000084600000|  0%| F|  |TAMS 0x0000000084500000| PB 0x0000000084500000| Untracked 
|  70|0x0000000084600000, 0x0000000084600000, 0x0000000084700000|  0%| F|  |TAMS 0x0000000084600000| PB 0x0000000084600000| Untracked 
|  71|0x0000000084700000, 0x0000000084700000, 0x0000000084800000|  0%| F|  |TAMS 0x0000000084700000| PB 0x0000000084700000| Untracked 
|  72|0x0000000084800000, 0x0000000084800000, 0x0000000084900000|  0%| F|  |TAMS 0x0000000084800000| PB 0x0000000084800000| Untracked 
|  73|0x0000000084900000, 0x0000000084900000, 0x0000000084a00000|  0%| F|  |TAMS 0x0000000084900000| PB 0x0000000084900000| Untracked 
|  74|0x0000000084a00000, 0x0000000084a00000, 0x0000000084b00000|  0%| F|  |TAMS 0x0000000084a00000| PB 0x0000000084a00000| Untracked 
|  75|0x0000000084b00000, 0x0000000084b00000, 0x0000000084c00000|  0%| F|  |TAMS 0x0000000084b00000| PB 0x0000000084b00000| Untracked 
|  76|0x0000000084c00000, 0x0000000084c00000, 0x0000000084d00000|  0%| F|  |TAMS 0x0000000084c00000| PB 0x0000000084c00000| Untracked 
|  77|0x0000000084d00000, 0x0000000084d00000, 0x0000000084e00000|  0%| F|  |TAMS 0x0000000084d00000| PB 0x0000000084d00000| Untracked 
|  78|0x0000000084e00000, 0x0000000084e00000, 0x0000000084f00000|  0%| F|  |TAMS 0x0000000084e00000| PB 0x0000000084e00000| Untracked 
|  79|0x0000000084f00000, 0x0000000084f00000, 0x0000000085000000|  0%| F|  |TAMS 0x0000000084f00000| PB 0x0000000084f00000| Untracked 
|  80|0x0000000085000000, 0x0000000085000000, 0x0000000085100000|  0%| F|  |TAMS 0x0000000085000000| PB 0x0000000085000000| Untracked 
|  81|0x0000000085100000, 0x0000000085100000, 0x0000000085200000|  0%| F|  |TAMS 0x0000000085100000| PB 0x0000000085100000| Untracked 
|  82|0x0000000085200000, 0x0000000085200000, 0x0000000085300000|  0%| F|  |TAMS 0x0000000085200000| PB 0x0000000085200000| Untracked 
|  83|0x0000000085300000, 0x0000000085300000, 0x0000000085400000|  0%| F|  |TAMS 0x0000000085300000| PB 0x0000000085300000| Untracked 
|  84|0x0000000085400000, 0x0000000085400000, 0x0000000085500000|  0%| F|  |TAMS 0x0000000085400000| PB 0x0000000085400000| Untracked 
|  85|0x0000000085500000, 0x0000000085500000, 0x0000000085600000|  0%| F|  |TAMS 0x0000000085500000| PB 0x0000000085500000| Untracked 
|  86|0x0000000085600000, 0x0000000085600000, 0x0000000085700000|  0%| F|  |TAMS 0x0000000085600000| PB 0x0000000085600000| Untracked 
|  87|0x0000000085700000, 0x0000000085700000, 0x0000000085800000|  0%| F|  |TAMS 0x0000000085700000| PB 0x0000000085700000| Untracked 
|  88|0x0000000085800000, 0x0000000085800000, 0x0000000085900000|  0%| F|  |TAMS 0x0000000085800000| PB 0x0000000085800000| Untracked 
|  89|0x0000000085900000, 0x0000000085900000, 0x0000000085a00000|  0%| F|  |TAMS 0x0000000085900000| PB 0x0000000085900000| Untracked 
|  90|0x0000000085a00000, 0x0000000085a00000, 0x0000000085b00000|  0%| F|  |TAMS 0x0000000085a00000| PB 0x0000000085a00000| Untracked 
|  91|0x0000000085b00000, 0x0000000085b00000, 0x0000000085c00000|  0%| F|  |TAMS 0x0000000085b00000| PB 0x0000000085b00000| Untracked 
|  92|0x0000000085c00000, 0x0000000085c00000, 0x0000000085d00000|  0%| F|  |TAMS 0x0000000085c00000| PB 0x0000000085c00000| Untracked 
|  93|0x0000000085d00000, 0x0000000085d00000, 0x0000000085e00000|  0%| F|  |TAMS 0x0000000085d00000| PB 0x0000000085d00000| Untracked 
|  94|0x0000000085e00000, 0x0000000085e00000, 0x0000000085f00000|  0%| F|  |TAMS 0x0000000085e00000| PB 0x0000000085e00000| Untracked 
|  95|0x0000000085f00000, 0x0000000085f00000, 0x0000000086000000|  0%| F|  |TAMS 0x0000000085f00000| PB 0x0000000085f00000| Untracked 
|  96|0x0000000086000000, 0x0000000086000000, 0x0000000086100000|  0%| F|  |TAMS 0x0000000086000000| PB 0x0000000086000000| Untracked 
|  97|0x0000000086100000, 0x0000000086100000, 0x0000000086200000|  0%| F|  |TAMS 0x0000000086100000| PB 0x0000000086100000| Untracked 
|  98|0x0000000086200000, 0x0000000086200000, 0x0000000086300000|  0%| F|  |TAMS 0x0000000086200000| PB 0x0000000086200000| Untracked 
|  99|0x0000000086300000, 0x0000000086300000, 0x0000000086400000|  0%| F|  |TAMS 0x0000000086300000| PB 0x0000000086300000| Untracked 
| 100|0x0000000086400000, 0x0000000086400000, 0x0000000086500000|  0%| F|  |TAMS 0x0000000086400000| PB 0x0000000086400000| Untracked 
| 101|0x0000000086500000, 0x0000000086551620, 0x0000000086600000| 31%| E|  |TAMS 0x0000000086500000| PB 0x0000000086500000| Complete 
| 102|0x0000000086600000, 0x0000000086700000, 0x0000000086700000|100%| E|CS|TAMS 0x0000000086600000| PB 0x0000000086600000| Complete 
| 103|0x0000000086700000, 0x0000000086800000, 0x0000000086800000|100%| E|CS|TAMS 0x0000000086700000| PB 0x0000000086700000| Complete 
| 104|0x0000000086800000, 0x000000008686bd78, 0x0000000086900000| 42%| S|CS|TAMS 0x0000000086800000| PB 0x0000000086800000| Complete 
| 105|0x0000000086900000, 0x0000000086a00000, 0x0000000086a00000|100%| E|CS|TAMS 0x0000000086900000| PB 0x0000000086900000| Complete 
| 106|0x0000000086a00000, 0x0000000086b00000, 0x0000000086b00000|100%| E|CS|TAMS 0x0000000086a00000| PB 0x0000000086a00000| Complete 
| 107|0x0000000086b00000, 0x0000000086c00000, 0x0000000086c00000|100%| E|  |TAMS 0x0000000086b00000| PB 0x0000000086b00000| Complete 
| 108|0x0000000086c00000, 0x0000000086d00000, 0x0000000086d00000|100%| E|CS|TAMS 0x0000000086c00000| PB 0x0000000086c00000| Complete 
| 109|0x0000000086d00000, 0x0000000086e00000, 0x0000000086e00000|100%| E|CS|TAMS 0x0000000086d00000| PB 0x0000000086d00000| Complete 
| 110|0x0000000086e00000, 0x0000000086f00000, 0x0000000086f00000|100%| E|CS|TAMS 0x0000000086e00000| PB 0x0000000086e00000| Complete 
| 111|0x0000000086f00000, 0x0000000087000000, 0x0000000087000000|100%| E|CS|TAMS 0x0000000086f00000| PB 0x0000000086f00000| Complete 
| 112|0x0000000087000000, 0x0000000087100000, 0x0000000087100000|100%| E|CS|TAMS 0x0000000087000000| PB 0x0000000087000000| Complete 
| 113|0x0000000087100000, 0x0000000087200000, 0x0000000087200000|100%| E|CS|TAMS 0x0000000087100000| PB 0x0000000087100000| Complete 
| 114|0x0000000087200000, 0x0000000087300000, 0x0000000087300000|100%| E|CS|TAMS 0x0000000087200000| PB 0x0000000087200000| Complete 
| 115|0x0000000087300000, 0x0000000087400000, 0x0000000087400000|100%| E|CS|TAMS 0x0000000087300000| PB 0x0000000087300000| Complete 
| 116|0x0000000087400000, 0x0000000087500000, 0x0000000087500000|100%| E|CS|TAMS 0x0000000087400000| PB 0x0000000087400000| Complete 
| 117|0x0000000087500000, 0x0000000087600000, 0x0000000087600000|100%| E|CS|TAMS 0x0000000087500000| PB 0x0000000087500000| Complete 
|2041|0x00000000ff900000, 0x00000000ffa00000, 0x00000000ffa00000|100%| O|  |TAMS 0x00000000ff900000| PB 0x00000000ff900000| Untracked 
|2042|0x00000000ffa00000, 0x00000000ffb00000, 0x00000000ffb00000|100%| O|  |TAMS 0x00000000ffa00000| PB 0x00000000ffa00000| Untracked 
|2043|0x00000000ffb00000, 0x00000000ffc00000, 0x00000000ffc00000|100%| O|  |TAMS 0x00000000ffb00000| PB 0x00000000ffb00000| Untracked 
|2044|0x00000000ffc00000, 0x00000000ffd00000, 0x00000000ffd00000|100%| O|  |TAMS 0x00000000ffc00000| PB 0x00000000ffc00000| Untracked 
|2045|0x00000000ffd00000, 0x00000000ffe00000, 0x00000000ffe00000|100%| O|  |TAMS 0x00000000ffd00000| PB 0x00000000ffd00000| Untracked 
|2046|0x00000000ffe00000, 0x00000000fff00000, 0x00000000fff00000|100%| O|  |TAMS 0x00000000ffe00000| PB 0x00000000ffe00000| Untracked 
|2047|0x00000000fff00000, 0x0000000100000000, 0x0000000100000000|100%| O|  |TAMS 0x00000000fff00000| PB 0x00000000fff00000| Untracked 

Card table byte_map: [0x000002469a260000,0x000002469a660000] _byte_map_base: 0x0000024699e60000

Marking Bits: (CMBitMap*) 0x0000024685f6fef0
 Bits: [0x000002469a660000, 0x000002469c660000)

Polling page: 0x000002468a810000

Metaspace:

Usage:
  Non-class:     49.19 MB used.
      Class:      7.66 MB used.
       Both:     56.85 MB used.

Virtual space:
  Non-class space:       64.00 MB reserved,      49.94 MB ( 78%) committed,  1 nodes.
      Class space:        1.00 GB reserved,       8.38 MB ( <1%) committed,  1 nodes.
             Both:        1.06 GB reserved,      58.31 MB (  5%) committed. 

Chunk freelists:
   Non-Class:  13.78 MB
       Class:  7.65 MB
        Both:  21.44 MB

MaxMetaspaceSize: unlimited
CompressedClassSpaceSize: 1.00 GB
Initial GC threshold: 21.00 MB
Current GC threshold: 93.75 MB
CDS: off
 - commit_granule_bytes: 65536.
 - commit_granule_words: 8192.
 - virtual_space_node_default_size: 8388608.
 - enlarge_chunks_in_place: 1.
 - use_allocation_guard: 0.


Internal statistics:

num_allocs_failed_limit: 3.
num_arena_births: 2756.
num_arena_deaths: 0.
num_vsnodes_births: 2.
num_vsnodes_deaths: 0.
num_space_committed: 933.
num_space_uncommitted: 0.
num_chunks_returned_to_freelist: 3.
num_chunks_taken_from_freelist: 5053.
num_chunk_merges: 3.
num_chunk_splits: 3251.
num_chunks_enlarged: 1968.
num_inconsistent_stats: 0.

CodeHeap 'non-profiled nmethods': size=120000Kb used=2362Kb max_used=2479Kb free=117637Kb
 bounds [0x0000024692300000, 0x0000024692570000, 0x0000024699830000]
CodeHeap 'profiled nmethods': size=120000Kb used=9405Kb max_used=9405Kb free=110594Kb
 bounds [0x000002468a830000, 0x000002468b170000, 0x0000024691d60000]
CodeHeap 'non-nmethods': size=5760Kb used=2931Kb max_used=2950Kb free=2828Kb
 bounds [0x0000024691d60000, 0x0000024692050000, 0x0000024692300000]
 total_blobs=5615 nmethods=4762 adapters=756
 compilation: enabled
              stopped_count=0, restarted_count=0
 full_count=0

Compilation events (20 events):
Event: 18.075 Thread 0x00000246a3017e70 nmethod 5427 0x000002468b137e90 code [0x000002468b138040, 0x000002468b138318]
Event: 18.075 Thread 0x00000246a3017e70 5429       3       com.google.common.collect.AbstractIndexedListIterator::<init> (21 bytes)
Event: 18.075 Thread 0x00000246a3017e70 nmethod 5429 0x000002468b138410 code [0x000002468b1385e0, 0x000002468b1388c0]
Event: 18.075 Thread 0x00000246a3017e70 5430       3       com.google.common.collect.UnmodifiableListIterator::<init> (5 bytes)
Event: 18.075 Thread 0x00000246a3017e70 nmethod 5430 0x000002468b138a10 code [0x000002468b138bc0, 0x000002468b138d88]
Event: 18.076 Thread 0x00000246a3017e70 5428       3       com.google.common.collect.AbstractIterator::hasNext (65 bytes)
Event: 18.076 Thread 0x00000246a3017e70 nmethod 5428 0x000002468b138e90 code [0x000002468b139080, 0x000002468b1394a0]
Event: 18.076 Thread 0x00000246a3017e70 5426       3       org.gradle.internal.service.DefaultServiceRegistry::noLongerMutable (15 bytes)
Event: 18.076 Thread 0x00000246a3017e70 nmethod 5426 0x000002468b139610 code [0x000002468b1398c0, 0x000002468b13a560]
Event: 18.088 Thread 0x00000246a3016b00 5431       4       java.util.zip.ZipCoder$UTF8ZipCoder::hasTrailingSlash (20 bytes)
Event: 18.089 Thread 0x00000246a3016b00 nmethod 5431 0x00000246924e8810 code [0x00000246924e89a0, 0x00000246924e8aa0]
Event: 18.096 Thread 0x00000246a3017e70 5432       3       java.util.concurrent.TimeUnit::convert (73 bytes)
Event: 18.096 Thread 0x00000246a3017e70 nmethod 5432 0x000002468b13aa10 code [0x000002468b13ac20, 0x000002468b13afd0]
Event: 18.136 Thread 0x00000246a3016b00 5433       4       java.net.URLClassLoader::getAndVerifyPackage (109 bytes)
Event: 18.169 Thread 0x00000246a3016b00 nmethod 5433 0x0000024692462910 code [0x0000024692462c20, 0x0000024692463f70]
Event: 18.169 Thread 0x00000246a3016b00 5434       4       jdk.internal.loader.BuiltinClassLoader::loadClassOrNull (7 bytes)
Event: 18.170 Thread 0x00000246a3017e70 5435       3       org.gradle.internal.instantiation.generator.AbstractClassGenerator$ClassGenerationHandler::hasFields (1 bytes)
Event: 18.170 Thread 0x00000246a3017e70 nmethod 5435 0x000002468a83b010 code [0x000002468a83b1a0, 0x000002468a83b2a8]
Event: 18.171 Thread 0x00000246a3017e70 5436       3       org.gradle.model.internal.asm.ClassVisitorScope::privateSyntheticMethod (12 bytes)
Event: 18.171 Thread 0x00000246a3017e70 nmethod 5436 0x000002468ac51610 code [0x000002468ac517c0, 0x000002468ac51920]

GC Heap History (20 events):
Event: 10.879 GC heap before
{Heap before GC invocations=11 (full 0):
 garbage-first heap   total 67584K, used 58847K [0x0000000080000000, 0x0000000100000000)
  region size 1024K, 21 young (21504K), 4 survivors (4096K)
 Metaspace       used 38592K, committed 39616K, reserved 1114112K
  class space    used 5330K, committed 5824K, reserved 1048576K
}
Event: 10.886 GC heap after
{Heap after GC invocations=12 (full 0):
 garbage-first heap   total 67584K, used 42269K [0x0000000080000000, 0x0000000100000000)
  region size 1024K, 2 young (2048K), 2 survivors (2048K)
 Metaspace       used 38592K, committed 39616K, reserved 1114112K
  class space    used 5330K, committed 5824K, reserved 1048576K
}
Event: 11.255 GC heap before
{Heap before GC invocations=12 (full 0):
 garbage-first heap   total 67584K, used 59677K [0x0000000080000000, 0x0000000100000000)
  region size 1024K, 19 young (19456K), 2 survivors (2048K)
 Metaspace       used 41073K, committed 42176K, reserved 1114112K
  class space    used 5720K, committed 6272K, reserved 1048576K
}
Event: 11.259 GC heap after
{Heap after GC invocations=13 (full 0):
 garbage-first heap   total 67584K, used 42972K [0x0000000080000000, 0x0000000100000000)
  region size 1024K, 2 young (2048K), 2 survivors (2048K)
 Metaspace       used 41073K, committed 42176K, reserved 1114112K
  class space    used 5720K, committed 6272K, reserved 1048576K
}
Event: 11.774 GC heap before
{Heap before GC invocations=14 (full 0):
 garbage-first heap   total 75776K, used 58332K [0x0000000080000000, 0x0000000100000000)
  region size 1024K, 18 young (18432K), 2 survivors (2048K)
 Metaspace       used 43875K, committed 45120K, reserved 1114112K
  class space    used 6091K, committed 6720K, reserved 1048576K
}
Event: 11.780 GC heap after
{Heap after GC invocations=15 (full 0):
 garbage-first heap   total 75776K, used 44670K [0x0000000080000000, 0x0000000100000000)
  region size 1024K, 3 young (3072K), 3 survivors (3072K)
 Metaspace       used 43875K, committed 45120K, reserved 1114112K
  class space    used 6091K, committed 6720K, reserved 1048576K
}
Event: 12.441 GC heap before
{Heap before GC invocations=15 (full 0):
 garbage-first heap   total 75776K, used 65150K [0x0000000080000000, 0x0000000100000000)
  region size 1024K, 24 young (24576K), 3 survivors (3072K)
 Metaspace       used 47917K, committed 49152K, reserved 1114112K
  class space    used 6510K, committed 7104K, reserved 1048576K
}
Event: 12.448 GC heap after
{Heap after GC invocations=16 (full 0):
 garbage-first heap   total 75776K, used 46982K [0x0000000080000000, 0x0000000100000000)
  region size 1024K, 3 young (3072K), 3 survivors (3072K)
 Metaspace       used 47917K, committed 49152K, reserved 1114112K
  class space    used 6510K, committed 7104K, reserved 1048576K
}
Event: 12.771 GC heap before
{Heap before GC invocations=16 (full 0):
 garbage-first heap   total 75776K, used 65414K [0x0000000080000000, 0x0000000100000000)
  region size 1024K, 23 young (23552K), 3 survivors (3072K)
 Metaspace       used 48425K, committed 49664K, reserved 1114112K
  class space    used 6561K, committed 7168K, reserved 1048576K
}
Event: 12.777 GC heap after
{Heap after GC invocations=17 (full 0):
 garbage-first heap   total 91136K, used 48625K [0x0000000080000000, 0x0000000100000000)
  region size 1024K, 3 young (3072K), 3 survivors (3072K)
 Metaspace       used 48425K, committed 49664K, reserved 1114112K
  class space    used 6561K, committed 7168K, reserved 1048576K
}
Event: 12.784 GC heap before
{Heap before GC invocations=17 (full 0):
 garbage-first heap   total 91136K, used 49649K [0x0000000080000000, 0x0000000100000000)
  region size 1024K, 4 young (4096K), 3 survivors (3072K)
 Metaspace       used 48425K, committed 49664K, reserved 1114112K
  class space    used 6561K, committed 7168K, reserved 1048576K
}
Event: 12.787 GC heap after
{Heap after GC invocations=18 (full 0):
 garbage-first heap   total 91136K, used 49104K [0x0000000080000000, 0x0000000100000000)
  region size 1024K, 1 young (1024K), 1 survivors (1024K)
 Metaspace       used 48425K, committed 49664K, reserved 1114112K
  class space    used 6561K, committed 7168K, reserved 1048576K
}
Event: 14.381 GC heap before
{Heap before GC invocations=19 (full 0):
 garbage-first heap   total 92160K, used 82896K [0x0000000080000000, 0x0000000100000000)
  region size 1024K, 31 young (31744K), 1 survivors (1024K)
 Metaspace       used 53233K, committed 54592K, reserved 1114112K
  class space    used 7194K, committed 7872K, reserved 1048576K
}
Event: 14.385 GC heap after
{Heap after GC invocations=20 (full 0):
 garbage-first heap   total 92160K, used 50220K [0x0000000080000000, 0x0000000100000000)
  region size 1024K, 3 young (3072K), 3 survivors (3072K)
 Metaspace       used 53233K, committed 54592K, reserved 1114112K
  class space    used 7194K, committed 7872K, reserved 1048576K
}
Event: 17.644 GC heap before
{Heap before GC invocations=20 (full 0):
 garbage-first heap   total 92160K, used 90156K [0x0000000080000000, 0x0000000100000000)
  region size 1024K, 29 young (29696K), 3 survivors (3072K)
 Metaspace       used 55157K, committed 56640K, reserved 1114112K
  class space    used 7476K, committed 8192K, reserved 1048576K
}
Event: 17.652 GC heap after
{Heap after GC invocations=21 (full 0):
 garbage-first heap   total 101376K, used 69986K [0x0000000080000000, 0x0000000100000000)
  region size 1024K, 5 young (5120K), 5 survivors (5120K)
 Metaspace       used 55157K, committed 56640K, reserved 1114112K
  class space    used 7476K, committed 8192K, reserved 1048576K
}
Event: 17.654 GC heap before
{Heap before GC invocations=21 (full 0):
 garbage-first heap   total 101376K, used 69986K [0x0000000080000000, 0x0000000100000000)
  region size 1024K, 6 young (6144K), 5 survivors (5120K)
 Metaspace       used 55157K, committed 56640K, reserved 1114112K
  class space    used 7476K, committed 8192K, reserved 1048576K
}
Event: 17.659 GC heap after
{Heap after GC invocations=22 (full 0):
 garbage-first heap   total 101376K, used 70726K [0x0000000080000000, 0x0000000100000000)
  region size 1024K, 1 young (1024K), 1 survivors (1024K)
 Metaspace       used 55157K, committed 56640K, reserved 1114112K
  class space    used 7476K, committed 8192K, reserved 1048576K
}
Event: 17.919 GC heap before
{Heap before GC invocations=23 (full 0):
 garbage-first heap   total 128000K, used 89158K [0x0000000080000000, 0x0000000100000000)
  region size 1024K, 17 young (17408K), 1 survivors (1024K)
 Metaspace       used 56939K, committed 58368K, reserved 1114112K
  class space    used 7632K, committed 8320K, reserved 1048576K
}
Event: 17.922 GC heap after
{Heap after GC invocations=24 (full 0):
 garbage-first heap   total 128000K, used 70302K [0x0000000080000000, 0x0000000100000000)
  region size 1024K, 1 young (1024K), 1 survivors (1024K)
 Metaspace       used 56939K, committed 58368K, reserved 1114112K
  class space    used 7632K, committed 8320K, reserved 1048576K
}

Dll operation events (3 events):
Event: 0.104 Loaded shared library D:\Program\Android\Android Studio\jbr\bin\java.dll
Event: 0.127 Loaded shared library D:\Program\Android\Android Studio\jbr\bin\zip.dll
Event: 1.513 Loaded shared library D:\Program\Android\Android Studio\jbr\bin\verify.dll

Deoptimization events (20 events):
Event: 17.545 Thread 0x00000246a4b02bf0 Uncommon trap: trap_request=0xffffff45 fr.pc=0x000002469243f500 relative=0x0000000000001320
Event: 17.545 Thread 0x00000246a4b02bf0 Uncommon trap: reason=unstable_if action=reinterpret pc=0x000002469243f500 method=java.lang.ClassLoader.postDefineClass(Ljava/lang/Class;Ljava/security/ProtectionDomain;)V @ 17 c2
Event: 17.545 Thread 0x00000246a4b02bf0 DEOPT PACKING pc=0x000002469243f500 sp=0x000000f35d1f7d20
Event: 17.545 Thread 0x00000246a4b02bf0 DEOPT UNPACKING pc=0x0000024691db7da2 sp=0x000000f35d1f7d20 mode 2
Event: 17.554 Thread 0x00000246a4b02bf0 Uncommon trap: trap_request=0xffffffbe fr.pc=0x000002469253b1a0 relative=0x0000000000001240
Event: 17.554 Thread 0x00000246a4b02bf0 Uncommon trap: reason=profile_predicate action=maybe_recompile pc=0x000002469253b1a0 method=java.lang.invoke.InvokerBytecodeGenerator.<init>(Ljava/lang/String;Ljava/lang/String;Ljava/lang/invoke/LambdaForm;Ljava/lang/invoke/MethodType;)V @ 33 c2
Event: 17.554 Thread 0x00000246a4b02bf0 DEOPT PACKING pc=0x000002469253b1a0 sp=0x000000f35d1f7460
Event: 17.554 Thread 0x00000246a4b02bf0 DEOPT UNPACKING pc=0x0000024691db7da2 sp=0x000000f35d1f7410 mode 2
Event: 17.578 Thread 0x00000246a4b02bf0 DEOPT PACKING pc=0x000002468ac587b6 sp=0x000000f35d1f6230
Event: 17.578 Thread 0x00000246a4b02bf0 DEOPT UNPACKING pc=0x0000024691db88e2 sp=0x000000f35d1f5778 mode 0
Event: 17.791 Thread 0x00000246a4b02bf0 Uncommon trap: trap_request=0xffffff45 fr.pc=0x00000246924e4f28 relative=0x0000000000000228
Event: 17.791 Thread 0x00000246a4b02bf0 Uncommon trap: reason=unstable_if action=reinterpret pc=0x00000246924e4f28 method=java.util.HashMap.putVal(ILjava/lang/Object;Ljava/lang/Object;ZZ)Ljava/lang/Object; @ 162 c2
Event: 17.791 Thread 0x00000246a4b02bf0 DEOPT PACKING pc=0x00000246924e4f28 sp=0x000000f35d1f9380
Event: 17.791 Thread 0x00000246a4b02bf0 DEOPT UNPACKING pc=0x0000024691db7da2 sp=0x000000f35d1f9290 mode 2
Event: 17.805 Thread 0x00000246a4b02bf0 Uncommon trap: trap_request=0xffffffde fr.pc=0x0000024692552110 relative=0x0000000000000070
Event: 17.805 Thread 0x00000246a4b02bf0 Uncommon trap: reason=class_check action=maybe_recompile pc=0x0000024692552110 method=java.util.stream.StreamOpFlag.fromCharacteristics(Ljava/util/Spliterator;)I @ 14 c2
Event: 17.805 Thread 0x00000246a4b02bf0 DEOPT PACKING pc=0x0000024692552110 sp=0x000000f35d1f91a0
Event: 17.805 Thread 0x00000246a4b02bf0 DEOPT UNPACKING pc=0x0000024691db7da2 sp=0x000000f35d1f9138 mode 2
Event: 17.918 Thread 0x00000246a4b02bf0 DEOPT PACKING pc=0x000002468a95abce sp=0x000000f35d1f81a0
Event: 17.918 Thread 0x00000246a4b02bf0 DEOPT UNPACKING pc=0x0000024691db88e2 sp=0x000000f35d1f7688 mode 0

Classes loaded (20 events):
Event: 17.535 Loading class java/lang/ClassCustomizer
Event: 17.535 Loading class java/lang/ClassCustomizer done
Event: 17.536 Loading class sun/reflect/generics/tree/BooleanSignature
Event: 17.536 Loading class sun/reflect/generics/tree/BooleanSignature done
Event: 17.536 Loading class sun/reflect/generics/reflectiveObjects/GenericArrayTypeImpl
Event: 17.537 Loading class sun/reflect/generics/reflectiveObjects/GenericArrayTypeImpl done
Event: 17.540 Loading class jdk/internal/vm/annotation/ForceInline
Event: 17.540 Loading class jdk/internal/vm/annotation/ForceInline done
Event: 17.804 Loading class java/util/BitSet$1BitSetSpliterator
Event: 17.804 Loading class java/util/BitSet$1BitSetSpliterator done
Event: 17.835 Loading class java/util/Collections$SynchronizedRandomAccessList
Event: 17.835 Loading class java/util/Collections$SynchronizedList
Event: 17.836 Loading class java/util/Collections$SynchronizedList done
Event: 17.836 Loading class java/util/Collections$SynchronizedRandomAccessList done
Event: 18.138 Loading class java/util/concurrent/atomic/AtomicReferenceFieldUpdater
Event: 18.138 Loading class java/util/concurrent/atomic/AtomicReferenceFieldUpdater done
Event: 18.138 Loading class java/util/concurrent/atomic/AtomicReferenceFieldUpdater$AtomicReferenceFieldUpdaterImpl
Event: 18.138 Loading class java/util/concurrent/atomic/AtomicReferenceFieldUpdater$AtomicReferenceFieldUpdaterImpl done
Event: 18.138 Loading class java/util/concurrent/atomic/AtomicReferenceFieldUpdater$AtomicReferenceFieldUpdaterImpl$1
Event: 18.139 Loading class java/util/concurrent/atomic/AtomicReferenceFieldUpdater$AtomicReferenceFieldUpdaterImpl$1 done

Classes unloaded (0 events):
No events

Classes redefined (0 events):
No events

Internal exceptions (20 events):
Event: 17.562 Thread 0x00000246a4b02bf0 Exception <a 'java/lang/ClassNotFoundException'{0x00000000843bd2f0}: org/gradle/internal/service/ScopedServiceRegistryBeanInfo> (0x00000000843bd2f0) 
thrown [s\src\hotspot\share\classfile\systemDictionary.cpp, line 312]
Event: 17.562 Thread 0x00000246a4b02bf0 Exception <a 'java/lang/ClassNotFoundException'{0x00000000843d12e8}: org/gradle/internal/service/DefaultServiceRegistryBeanInfo> (0x00000000843d12e8) 
thrown [s\src\hotspot\share\classfile\systemDictionary.cpp, line 312]
Event: 17.563 Thread 0x00000246a4b02bf0 Exception <a 'java/lang/ClassNotFoundException'{0x00000000843e4d90}: org/gradle/internal/service/DefaultServiceRegistryCustomizer> (0x00000000843e4d90) 
thrown [s\src\hotspot\share\classfile\systemDictionary.cpp, line 312]
Event: 17.565 Thread 0x00000246a4b02bf0 Exception <a 'java/lang/ClassNotFoundException'{0x0000000084207fa8}: org/gradle/internal/service/ScopedServiceRegistryCustomizer> (0x0000000084207fa8) 
thrown [s\src\hotspot\share\classfile\systemDictionary.cpp, line 312]
Event: 17.566 Thread 0x00000246a4b02bf0 Exception <a 'java/lang/ClassNotFoundException'{0x000000008421dda0}: org/gradle/internal/service/scopes/GradleScopeServicesCustomizer> (0x000000008421dda0) 
thrown [s\src\hotspot\share\classfile\systemDictionary.cpp, line 312]
Event: 17.569 Thread 0x00000246a4b02bf0 Exception <a 'java/lang/ClassNotFoundException'{0x0000000084266418}: org/gradle/internal/extensibility/DefaultConventionBeanInfo> (0x0000000084266418) 
thrown [s\src\hotspot\share\classfile\systemDictionary.cpp, line 312]
Event: 17.570 Thread 0x00000246a4b02bf0 Exception <a 'java/lang/ClassNotFoundException'{0x0000000084279ed8}: org/gradle/internal/extensibility/DefaultConventionCustomizer> (0x0000000084279ed8) 
thrown [s\src\hotspot\share\classfile\systemDictionary.cpp, line 312]
Event: 17.581 Thread 0x00000246a4b02bf0 Exception <a 'java/lang/ClassNotFoundException'{0x000000008410e188}: com/intellij/gradle/toolingExtension/impl/modelBuilder/ExtraModelBuilderBeanInfo> (0x000000008410e188) 
thrown [s\src\hotspot\share\classfile\systemDictionary.cpp, line 312]
Event: 17.582 Thread 0x00000246a4b02bf0 Exception <a 'java/lang/ClassNotFoundException'{0x0000000084119830}: com/intellij/gradle/toolingExtension/impl/modelBuilder/ExtraModelBuilderCustomizer> (0x0000000084119830) 
thrown [s\src\hotspot\share\classfile\systemDictionary.cpp, line 312]
Event: 17.810 Thread 0x00000246a4b02bf0 Exception <a 'java/lang/IncompatibleClassChangeError'{0x00000000873df088}: Found class java.lang.Object, but interface was expected> (0x00000000873df088) 
thrown [s\src\hotspot\share\interpreter\linkResolver.cpp, line 851]
Event: 17.817 Thread 0x00000246a4b02bf0 Exception <a 'sun/nio/fs/WindowsException'{0x0000000087215178}> (0x0000000087215178) 
thrown [s\src\hotspot\share\prims\jni.cpp, line 535]
Event: 17.817 Thread 0x00000246a4b02bf0 Exception <a 'sun/nio/fs/WindowsException'{0x0000000087216938}> (0x0000000087216938) 
thrown [s\src\hotspot\share\prims\jni.cpp, line 535]
Event: 17.818 Thread 0x00000246a4b02bf0 Exception <a 'sun/nio/fs/WindowsException'{0x00000000872180b8}> (0x00000000872180b8) 
thrown [s\src\hotspot\share\prims\jni.cpp, line 535]
Event: 17.819 Thread 0x00000246a4b02bf0 Exception <a 'sun/nio/fs/WindowsException'{0x0000000087219848}> (0x0000000087219848) 
thrown [s\src\hotspot\share\prims\jni.cpp, line 535]
Event: 17.821 Thread 0x00000246a4b02bf0 Exception <a 'java/lang/NoSuchMethodError'{0x0000000087229f28}: 'java.lang.Object java.lang.invoke.Invokers$Holder.invoker(java.lang.Object, java.lang.Object, java.lang.Object, java.lang.Object, java.lang.Object, java.lang.Object)'> (0x0000000087229f28) 
thrown [s\src\hotspot\share\interpreter\linkResolver.cpp, line 784]
Event: 17.845 Thread 0x00000246a4b02bf0 Exception <a 'java/lang/NoSuchMethodError'{0x000000008710a2a8}: 'java.lang.Object java.lang.invoke.Invokers$Holder.invoker(java.lang.Object, java.lang.Object, java.lang.Object, java.lang.Object, java.lang.Object)'> (0x000000008710a2a8) 
thrown [s\src\hotspot\share\interpreter\linkResolver.cpp, line 784]
Event: 17.847 Thread 0x00000246a4b02bf0 Exception <a 'java/lang/NoSuchMethodError'{0x0000000087125ef0}: 'java.lang.Object java.lang.invoke.DirectMethodHandle$Holder.invokeSpecial(java.lang.Object, java.lang.Object, java.lang.Object, java.lang.Object, java.lang.Object, java.lang.Object, java.lang.Object, java.lang.Object, java.lang.Object, java.lang.Object, java.lang.Object, java.lang.Object, java.lang.Object, java.lang.Object, java.lang.Object, java.lang.Object, java.lang.Object, java.lang.Object, java.lang.Object, java.lang.Object, java.lang.Ob
Event: 17.848 Thread 0x00000246a4b02bf0 Exception <a 'java/lang/NoSuchMethodError'{0x000000008712be28}: 'java.lang.Object java.lang.invoke.DelegatingMethodHandle$Holder.reinvoke_L(java.lang.Object, java.lang.Object, java.lang.Object, java.lang.Object, java.lang.Object, java.lang.Object, java.lang.Object, java.lang.Object, java.lang.Object, java.lang.Object, java.lang.Object, java.lang.Object, java.lang.Object, java.lang.Object, java.lang.Object, java.lang.Object, java.lang.Object, java.lang.Object, java.lang.Object, java.lang.Object, java.lang.O
Event: 17.850 Thread 0x00000246a4b02bf0 Exception <a 'java/lang/NoSuchMethodError'{0x0000000087137550}: 'java.lang.Object java.lang.invoke.Invokers$Holder.invoker(java.lang.Object, java.lang.Object, java.lang.Object, java.lang.Object, java.lang.Object, java.lang.Object, java.lang.Object, java.lang.Object, java.lang.Object, java.lang.Object, java.lang.Object, java.lang.Object, java.lang.Object, java.lang.Object, java.lang.Object, java.lang.Object, java.lang.Object, java.lang.Object, java.lang.Object, java.lang.Object, java.lang.Object, java.lang.
Event: 17.850 Thread 0x00000246a4b02bf0 Exception <a 'java/lang/NoSuchMethodError'{0x000000008713dc88}: 'java.lang.Object java.lang.invoke.DelegatingMethodHandle$Holder.delegate(java.lang.Object, java.lang.Object, java.lang.Object, java.lang.Object, java.lang.Object, java.lang.Object, java.lang.Object, java.lang.Object, java.lang.Object, java.lang.Object, java.lang.Object, java.lang.Object, java.lang.Object, java.lang.Object, java.lang.Object, java.lang.Object, java.lang.Object, java.lang.Object, java.lang.Object, java.lang.Object, java.lang.Obj

ZGC Phase Switch (0 events):
No events

VM Operations (20 events):
Event: 14.482 Executing VM operation: HandshakeAllThreads (Deoptimize)
Event: 14.482 Executing VM operation: HandshakeAllThreads (Deoptimize) done
Event: 14.876 Executing VM operation: HandshakeAllThreads (Deoptimize)
Event: 14.877 Executing VM operation: HandshakeAllThreads (Deoptimize) done
Event: 15.879 Executing VM operation: Cleanup
Event: 15.879 Executing VM operation: Cleanup done
Event: 17.554 Executing VM operation: HandshakeAllThreads (Deoptimize)
Event: 17.554 Executing VM operation: HandshakeAllThreads (Deoptimize) done
Event: 17.554 Executing VM operation: Cleanup
Event: 17.554 Executing VM operation: Cleanup done
Event: 17.644 Executing VM operation: G1CollectForAllocation (G1 Evacuation Pause)
Event: 17.652 Executing VM operation: G1CollectForAllocation (G1 Evacuation Pause) done
Event: 17.654 Executing VM operation: G1TryInitiateConcMark (G1 Humongous Allocation)
Event: 17.659 Executing VM operation: G1TryInitiateConcMark (G1 Humongous Allocation) done
Event: 17.726 Executing VM operation: G1PauseRemark
Event: 17.730 Executing VM operation: G1PauseRemark done
Event: 17.753 Executing VM operation: G1PauseCleanup
Event: 17.753 Executing VM operation: G1PauseCleanup done
Event: 17.919 Executing VM operation: G1CollectForAllocation (G1 Evacuation Pause)
Event: 17.923 Executing VM operation: G1CollectForAllocation (G1 Evacuation Pause) done

Events (20 events):
Event: 17.729 Thread 0x000002469ec25cf0 flushing nmethod 0x0000024692460f10
Event: 17.729 Thread 0x000002469ec25cf0 flushing nmethod 0x0000024692489e10
Event: 17.729 Thread 0x000002469ec25cf0 flushing nmethod 0x00000246924b0590
Event: 17.729 Thread 0x000002469ec25cf0 flushing nmethod 0x00000246924adf10
Event: 17.729 Thread 0x000002469ec25cf0 flushing nmethod 0x00000246924a7410
Event: 17.729 Thread 0x000002469ec25cf0 flushing nmethod 0x0000024692497e90
Event: 17.729 Thread 0x000002469ec25cf0 flushing nmethod 0x0000024692474c10
Event: 17.729 Thread 0x000002469ec25cf0 flushing nmethod 0x000002469244a990
Event: 17.729 Thread 0x000002469ec25cf0 flushing nmethod 0x000002469242f490
Event: 17.729 Thread 0x000002469ec25cf0 flushing nmethod 0x0000024692444b10
Event: 17.729 Thread 0x000002469ec25cf0 flushing nmethod 0x0000024692404f90
Event: 17.729 Thread 0x000002469ec25cf0 flushing nmethod 0x000002469241bd10
Event: 17.729 Thread 0x000002469ec25cf0 flushing nmethod 0x000002469241b190
Event: 17.729 Thread 0x000002469ec25cf0 flushing nmethod 0x00000246923f9290
Event: 17.729 Thread 0x000002469ec25cf0 flushing nmethod 0x00000246923e1d10
Event: 17.729 Thread 0x000002469ec25cf0 flushing nmethod 0x00000246923a8010
Event: 17.729 Thread 0x000002469ec25cf0 flushing nmethod 0x000002469239ff10
Event: 17.729 Thread 0x000002469ec25cf0 flushing nmethod 0x00000246923e1510
Event: 17.729 Thread 0x000002469ec25cf0 flushing nmethod 0x0000024692370e10
Event: 17.729 Thread 0x000002469ec25cf0 flushing nmethod 0x0000024692300010


Dynamic libraries:
0x00007ff703b90000 - 0x00007ff703b9a000 	D:\Program\Android\Android Studio\jbr\bin\java.exe
0x00007ffd58ef0000 - 0x00007ffd59107000 	C:\WINDOWS\SYSTEM32\ntdll.dll
0x00007ffd57290000 - 0x00007ffd57354000 	C:\WINDOWS\System32\KERNEL32.DLL
0x00007ffd56840000 - 0x00007ffd56bfa000 	C:\WINDOWS\System32\KERNELBASE.dll
0x00007ffd56480000 - 0x00007ffd56591000 	C:\WINDOWS\System32\ucrtbase.dll
0x00007ffd3eb30000 - 0x00007ffd3eb4b000 	D:\Program\Android\Android Studio\jbr\bin\VCRUNTIME140.dll
0x00007ffd3ece0000 - 0x00007ffd3ecf8000 	D:\Program\Android\Android Studio\jbr\bin\jli.dll
0x00007ffd58ce0000 - 0x00007ffd58e8e000 	C:\WINDOWS\System32\USER32.dll
0x00007ffd561d0000 - 0x00007ffd561f6000 	C:\WINDOWS\System32\win32u.dll
0x00007ffd586a0000 - 0x00007ffd586c9000 	C:\WINDOWS\System32\GDI32.dll
0x00007ffd56200000 - 0x00007ffd5631b000 	C:\WINDOWS\System32\gdi32full.dll
0x00007ffd56320000 - 0x00007ffd563ba000 	C:\WINDOWS\System32\msvcp_win.dll
0x00007ffd39d50000 - 0x00007ffd39fe2000 	C:\WINDOWS\WinSxS\amd64_microsoft.windows.common-controls_6595b64144ccf1df_6.0.22621.4541_none_2710d1c57384c085\COMCTL32.dll
0x00007ffd586d0000 - 0x00007ffd58777000 	C:\WINDOWS\System32\msvcrt.dll
0x00007ffd57000000 - 0x00007ffd57031000 	C:\WINDOWS\System32\IMM32.DLL
0x00007ffd4fb00000 - 0x00007ffd4fb0c000 	D:\Program\Android\Android Studio\jbr\bin\vcruntime140_1.dll
0x00007ffd33d60000 - 0x00007ffd33ded000 	D:\Program\Android\Android Studio\jbr\bin\msvcp140.dll
0x00007ffcfd030000 - 0x00007ffcfdcad000 	D:\Program\Android\Android Studio\jbr\bin\server\jvm.dll
0x00007ffd576f0000 - 0x00007ffd577a2000 	C:\WINDOWS\System32\ADVAPI32.dll
0x00007ffd56ca0000 - 0x00007ffd56d47000 	C:\WINDOWS\System32\sechost.dll
0x00007ffd565a0000 - 0x00007ffd565c8000 	C:\WINDOWS\System32\bcrypt.dll
0x00007ffd57360000 - 0x00007ffd57474000 	C:\WINDOWS\System32\RPCRT4.dll
0x00007ffd56f80000 - 0x00007ffd56ff1000 	C:\WINDOWS\System32\WS2_32.dll
0x00007ffd560a0000 - 0x00007ffd560ed000 	C:\WINDOWS\SYSTEM32\POWRPROF.dll
0x00007ffd4d670000 - 0x00007ffd4d6a4000 	C:\WINDOWS\SYSTEM32\WINMM.dll
0x00007ffd51c20000 - 0x00007ffd51c2a000 	C:\WINDOWS\SYSTEM32\VERSION.dll
0x00007ffd56080000 - 0x00007ffd56093000 	C:\WINDOWS\SYSTEM32\UMPDC.dll
0x00007ffd551d0000 - 0x00007ffd551e8000 	C:\WINDOWS\SYSTEM32\kernel.appcore.dll
0x00007ffd4faa0000 - 0x00007ffd4faaa000 	D:\Program\Android\Android Studio\jbr\bin\jimage.dll
0x00007ffd539e0000 - 0x00007ffd53c12000 	C:\WINDOWS\SYSTEM32\DBGHELP.DLL
0x00007ffd577b0000 - 0x00007ffd57b3f000 	C:\WINDOWS\System32\combase.dll
0x00007ffd56ea0000 - 0x00007ffd56f77000 	C:\WINDOWS\System32\OLEAUT32.dll
0x00007ffd395e0000 - 0x00007ffd39612000 	C:\WINDOWS\SYSTEM32\dbgcore.DLL
0x00007ffd567c0000 - 0x00007ffd5683b000 	C:\WINDOWS\System32\bcryptPrimitives.dll
0x00007ffd4d7f0000 - 0x00007ffd4d7fe000 	D:\Program\Android\Android Studio\jbr\bin\instrument.dll
0x00007ffd3eb10000 - 0x00007ffd3eb2f000 	D:\Program\Android\Android Studio\jbr\bin\java.dll
0x00007ffd3eaf0000 - 0x00007ffd3eb08000 	D:\Program\Android\Android Studio\jbr\bin\zip.dll
0x00007ffd57e20000 - 0x00007ffd58698000 	C:\WINDOWS\System32\SHELL32.dll
0x00007ffd540c0000 - 0x00007ffd549c8000 	C:\WINDOWS\SYSTEM32\windows.storage.dll
0x00007ffd53f80000 - 0x00007ffd540bf000 	C:\WINDOWS\SYSTEM32\wintypes.dll
0x00007ffd57d00000 - 0x00007ffd57dfa000 	C:\WINDOWS\System32\SHCORE.dll
0x00007ffd571b0000 - 0x00007ffd5720e000 	C:\WINDOWS\System32\shlwapi.dll
0x00007ffd56100000 - 0x00007ffd5612b000 	C:\WINDOWS\SYSTEM32\profapi.dll
0x00007ffd3ecd0000 - 0x00007ffd3ece0000 	D:\Program\Android\Android Studio\jbr\bin\net.dll
0x00007ffd4cbe0000 - 0x00007ffd4cd16000 	C:\WINDOWS\SYSTEM32\WINHTTP.dll
0x00007ffd55640000 - 0x00007ffd556a9000 	C:\WINDOWS\system32\mswsock.dll
0x00007ffd3ad90000 - 0x00007ffd3ada6000 	D:\Program\Android\Android Studio\jbr\bin\nio.dll
0x00007ffd4fb20000 - 0x00007ffd4fb30000 	D:\Program\Android\Android Studio\jbr\bin\verify.dll
0x00007ffd3d7a0000 - 0x00007ffd3d7c7000 	C:\Users\phamt\.gradle\native\c067742578af261105cb4f569cf0c3c89f3d7b1fecec35dd04571415982c5e48\windows-amd64\native-platform.dll
0x00007ffd05980000 - 0x00007ffd05ac4000 	C:\Users\phamt\.gradle\native\38dada09dfb8b06ba9b0570ebf7e218e3eb74d4ef43ca46872605cf95ebc2f47\windows-amd64\native-platform-file-events.dll
0x00007ffd3abf0000 - 0x00007ffd3abf9000 	D:\Program\Android\Android Studio\jbr\bin\management.dll
0x00007ffd3a970000 - 0x00007ffd3a97b000 	D:\Program\Android\Android Studio\jbr\bin\management_ext.dll
0x00007ffd57280000 - 0x00007ffd57288000 	C:\WINDOWS\System32\PSAPI.DLL
0x00007ffd55880000 - 0x00007ffd5589b000 	C:\WINDOWS\SYSTEM32\CRYPTSP.dll
0x00007ffd55130000 - 0x00007ffd55165000 	C:\WINDOWS\system32\rsaenh.dll
0x00007ffd556f0000 - 0x00007ffd55718000 	C:\WINDOWS\SYSTEM32\USERENV.dll
0x00007ffd55870000 - 0x00007ffd5587c000 	C:\WINDOWS\SYSTEM32\CRYPTBASE.dll
0x00007ffd54c30000 - 0x00007ffd54c5d000 	C:\WINDOWS\SYSTEM32\IPHLPAPI.DLL
0x00007ffd576e0000 - 0x00007ffd576e9000 	C:\WINDOWS\System32\NSI.dll
0x00007ffd3ac00000 - 0x00007ffd3ac09000 	D:\Program\Android\Android Studio\jbr\bin\extnet.dll
0x00007ffd3d700000 - 0x00007ffd3d708000 	C:\WINDOWS\system32\wshunix.dll

dbghelp: loaded successfully - version: 4.0.5 - missing functions: none
symbol engine: initialized successfully - sym options: 0x614 - pdb path: .;D:\Program\Android\Android Studio\jbr\bin;C:\WINDOWS\SYSTEM32;C:\WINDOWS\WinSxS\amd64_microsoft.windows.common-controls_6595b64144ccf1df_6.0.22621.4541_none_2710d1c57384c085;D:\Program\Android\Android Studio\jbr\bin\server;C:\Users\phamt\.gradle\native\c067742578af261105cb4f569cf0c3c89f3d7b1fecec35dd04571415982c5e48\windows-amd64;C:\Users\phamt\.gradle\native\38dada09dfb8b06ba9b0570ebf7e218e3eb74d4ef43ca46872605cf95ebc2f47\windows-amd64

VM Arguments:
jvm_args: --add-opens=java.base/java.util.concurrent.atomic=ALL-UNNAMED --add-opens=java.base/java.util=ALL-UNNAMED --add-opens=java.base/java.lang=ALL-UNNAMED --add-opens=java.base/java.lang.invoke=ALL-UNNAMED --add-opens=java.prefs/java.util.prefs=ALL-UNNAMED --add-opens=java.base/java.nio.charset=ALL-UNNAMED --add-opens=java.base/java.net=ALL-UNNAMED --add-opens=java.base/java.util.concurrent.atomic=ALL-UNNAMED -Xmx2048m -Dfile.encoding=UTF-8 -Duser.country=US -Duser.language=en -Duser.variant -javaagent:C:\Users\phamt\.gradle\wrapper\dists\gradle-8.7-bin\bhs2wmbdwecv87pi65oeuq5iu\gradle-8.7\lib\agents\gradle-instrumentation-agent-8.7.jar 
java_command: org.gradle.launcher.daemon.bootstrap.GradleDaemon 8.7
java_class_path (initial): C:\Users\phamt\.gradle\wrapper\dists\gradle-8.7-bin\bhs2wmbdwecv87pi65oeuq5iu\gradle-8.7\lib\gradle-launcher-8.7.jar
Launcher Type: SUN_STANDARD

[Global flags]
     intx CICompilerCount                          = 3                                         {product} {ergonomic}
     uint ConcGCThreads                            = 1                                         {product} {ergonomic}
     uint G1ConcRefinementThreads                  = 4                                         {product} {ergonomic}
   size_t G1HeapRegionSize                         = 1048576                                   {product} {ergonomic}
    uintx GCDrainStackTargetSize                   = 64                                        {product} {ergonomic}
   size_t InitialHeapSize                          = 62914560                                  {product} {ergonomic}
   size_t MarkStackSize                            = 4194304                                   {product} {ergonomic}
   size_t MaxHeapSize                              = 2147483648                                {product} {command line}
   size_t MaxNewSize                               = 1287651328                                {product} {ergonomic}
   size_t MinHeapDeltaBytes                        = 1048576                                   {product} {ergonomic}
   size_t MinHeapSize                              = 8388608                                   {product} {ergonomic}
    uintx NonNMethodCodeHeapSize                   = 5832780                                {pd product} {ergonomic}
    uintx NonProfiledCodeHeapSize                  = 122912730                              {pd product} {ergonomic}
    uintx ProfiledCodeHeapSize                     = 122912730                              {pd product} {ergonomic}
    uintx ReservedCodeCacheSize                    = 251658240                              {pd product} {ergonomic}
     bool SegmentedCodeCache                       = true                                      {product} {ergonomic}
   size_t SoftMaxHeapSize                          = 2147483648                             {manageable} {ergonomic}
     bool UseCompressedOops                        = true                           {product lp64_product} {ergonomic}
     bool UseG1GC                                  = true                                      {product} {ergonomic}
     bool UseLargePagesIndividualAllocation        = false                                  {pd product} {ergonomic}

Logging:
Log output configuration:
 #0: stdout all=warning uptime,level,tags foldmultilines=false
 #1: stderr all=off uptime,level,tags foldmultilines=false

Environment Variables:
PATH=C:\Program Files\Microsoft MPI\Bin\;C:\Program Files\Common Files\Oracle\Java\javapath;C:\WINDOWS\system32;C:\WINDOWS;C:\WINDOWS\System32\Wbem;C:\WINDOWS\System32\WindowsPowerShell\v1.0\;C:\WINDOWS\System32\OpenSSH\;C:\Program Files (x86)\Microsoft SQL Server\160\Tools\Binn\;C:\Program Files\Microsoft SQL Server\160\Tools\Binn\;C:\Program Files\Microsoft SQL Server\Client SDK\ODBC\170\Tools\Binn\;C:\Program Files\Microsoft SQL Server\160\DTS\Binn\;C:\Program Files (x86)\Microsoft SQL Server\160\DTS\Binn\;C:\Program Files\Azure Data Studio\bin;C:\Program Files\dotnet\;D:\Program\Git\cmd;C:\Users\phamt\AppData\Local\Microsoft\WindowsApps;D:\Program\Microsoft VS Code\bin;C:\Program Files\Azure Data Studio\bin;C:\Users\phamt\.dotnet\tools
USERNAME=phamt
OS=Windows_NT
PROCESSOR_IDENTIFIER=Intel64 Family 6 Model 126 Stepping 5, GenuineIntel
TMP=C:\Users\phamt\AppData\Local\Temp
TEMP=C:\Users\phamt\AppData\Local\Temp




Periodic native trim disabled

JNI global refs:
JNI global refs: 24, weak refs: 3

JNI global refs memory usage: 835, weak refs: 833

Process memory usage:
Resident Set Size: 246968K (6% of 3875636K total physical memory with 100252K free physical memory)

OOME stack traces (most recent first):
Classloader memory used:
Loader org.gradle.internal.classloader.VisitableURLClassLoader                         : 27301K
Loader bootstrap                                                                       : 22302K
Loader org.gradle.initialization.MixInLegacyTypesClassLoader                           : 6341K
Loader org.gradle.internal.classloader.VisitableURLClassLoader                         : 745K
Loader org.gradle.internal.classloader.VisitableURLClassLoader$InstrumentingVisitableURLClassLoader: 559K
Loader jdk.internal.loader.ClassLoaders$PlatformClassLoader                            : 498K
Loader jdk.internal.loader.ClassLoaders$AppClassLoader                                 : 229K
Loader jdk.internal.reflect.DelegatingClassLoader                                      : 150K
Loader org.gradle.groovy.scripts.internal.DefaultScriptCompilationHandler$ScriptClassLoader: 89384B
Loader org.codehaus.groovy.runtime.callsite.CallSiteClassLoader                        : 46160B

Classes loaded by more than one classloader:
Class org.gradle.api.GradleException                                                  : loaded 3 times (x 79B)
Class org.gradle.internal.classloader.ClassLoaderHierarchy                            : loaded 2 times (x 67B)
Class org.gradle.api.internal.classpath.ManifestUtil                                  : loaded 2 times (x 68B)
Class org.gradle.internal.operations.MultipleBuildOperationFailures                   : loaded 2 times (x 92B)
Class org.gradle.internal.classloader.DefaultClassLoaderFactory                       : loaded 2 times (x 79B)
Class kotlin.collections.AbstractList$Companion                                       : loaded 2 times (x 68B)
Class org.gradle.internal.classloader.ClassLoaderVisitor                              : loaded 2 times (x 73B)
Class org.gradle.api.internal.classpath.EffectiveClassPath                            : loaded 2 times (x 87B)
Class org.gradle.api.internal.DefaultClassPathProvider                                : loaded 2 times (x 73B)
Class [Lorg.gradle.api.internal.ClassPathProvider;                                    : loaded 2 times (x 66B)
Class org.gradle.api.internal.ClassPathProvider                                       : loaded 2 times (x 67B)
Class org.gradle.internal.service.UnknownServiceException                             : loaded 2 times (x 80B)
Class org.gradle.internal.classpath.TransformedClassPath                              : loaded 2 times (x 93B)
Class sync_studio_tooling2_8coeqv76dypppwqzug1l5x2hr                                  : loaded 2 times (x 176B)
Class kotlin.enums.EnumEntriesList                                                    : loaded 2 times (x 220B)
Class org.gradle.internal.service.ServiceLocator                                      : loaded 2 times (x 67B)
Class org.gradle.internal.InternalTransformer                                         : loaded 2 times (x 67B)
Class ijInit1_aton81rh9u289m6021ogw4x1z                                               : loaded 2 times (x 176B)
Class org.gradle.internal.time.DefaultTimer                                           : loaded 2 times (x 77B)
Class org.gradle.internal.classloader.ClasspathUtil$1                                 : loaded 2 times (x 73B)
Class org.gradle.api.internal.classpath.DefaultModuleRegistry$DefaultModule           : loaded 2 times (x 83B)
Class org.gradle.internal.time.DefaultCountdownTimer                                  : loaded 2 times (x 85B)
Class kotlin.Function                                                                 : loaded 2 times (x 67B)
Class org.gradle.api.internal.classpath.Module                                        : loaded 2 times (x 67B)
Class org.gradle.api.internal.classpath.UnknownModuleException                        : loaded 2 times (x 79B)
Class org.gradle.cache.GlobalCache                                                    : loaded 2 times (x 67B)
Class org.gradle.api.internal.DefaultClassPathRegistry                                : loaded 2 times (x 73B)
Class org.gradle.api.internal.ClassPathRegistry                                       : loaded 2 times (x 67B)
Class org.gradle.internal.classpath.DefaultClassPath$ImmutableUniqueList              : loaded 2 times (x 196B)
Class Settings_gradle$1                                                               : loaded 2 times (x 71B)
Class Program                                                                         : loaded 2 times (x 69B)
Class org.gradle.internal.classpath.ClassPath                                         : loaded 2 times (x 67B)
Class org.gradle.api.UncheckedIOException                                             : loaded 2 times (x 79B)
Class kotlin.UninitializedPropertyAccessException                                     : loaded 2 times (x 79B)
Class org.gradle.internal.installation.GradleInstallation$1                           : loaded 2 times (x 72B)
Class org.gradle.api.internal.classpath.ModuleRegistry                                : loaded 2 times (x 67B)
Class org.gradle.api.internal.classpath.DefaultModuleRegistry                         : loaded 2 times (x 83B)
Class org.gradle.internal.time.MonotonicClock                                         : loaded 2 times (x 74B)
Class org.gradle.internal.service.ServiceLookupException                              : loaded 2 times (x 79B)
Class org.gradle.internal.classloader.ClassLoaderFactory                              : loaded 2 times (x 67B)
Class org.gradle.internal.service.CachingServiceLocator                               : loaded 2 times (x 79B)
Class org.gradle.internal.time.TimeSource                                             : loaded 2 times (x 67B)
Class kotlin.enums.EnumEntries                                                        : loaded 2 times (x 67B)
Class org.gradle.internal.exceptions.ResolutionProvider                               : loaded 2 times (x 67B)
Class org.gradle.internal.classloader.ClasspathUtil                                   : loaded 2 times (x 68B)
Class org.gradle.internal.time.TimeSource$1                                           : loaded 2 times (x 74B)
Class kotlin.jvm.internal.DefaultConstructorMarker                                    : loaded 2 times (x 68B)
Class org.gradle.api.specs.Spec                                                       : loaded 2 times (x 67B)
Class org.gradle.internal.time.Clock                                                  : loaded 2 times (x 67B)
Class kotlin.collections.AbstractList                                                 : loaded 2 times (x 194B)
Class kotlin.collections.AbstractCollection                                           : loaded 2 times (x 114B)
Class org.gradle.internal.classloader.VisitableURLClassLoader$InstrumentingVisitableURLClassLoader: loaded 2 times (x 120B)
Class org.gradle.internal.classloader.VisitableURLClassLoader$Spec                    : loaded 2 times (x 71B)
Class org.gradle.internal.classpath.DefaultClassPath                                  : loaded 2 times (x 87B)
Class org.gradle.internal.classloader.ClassLoaderSpec                                 : loaded 2 times (x 68B)
Class Settings_gradle$1$1                                                             : loaded 2 times (x 71B)
Class org.gradle.internal.classloader.VisitableURLClassLoader                         : loaded 2 times (x 114B)
Class Settings_gradle                                                                 : loaded 2 times (x 125B)
Class org.gradle.internal.Cast                                                        : loaded 2 times (x 68B)
Class org.gradle.api.Action                                                           : loaded 2 times (x 67B)
Class kotlin.jvm.functions.Function1                                                  : loaded 2 times (x 67B)
Class org.gradle.internal.agents.InstrumentingClassLoader                             : loaded 2 times (x 67B)
Class org.gradle.internal.classpath.DefaultClassPath$ImmutableUniqueList$Builder      : loaded 2 times (x 72B)
Class org.gradle.internal.classloader.FilteringClassLoader                            : loaded 2 times (x 102B)
Class org.gradle.internal.exceptions.NonGradleCauseExceptionsHolder                   : loaded 2 times (x 67B)
Class sync_studio_tooling2_8coeqv76dypppwqzug1l5x2hr$_run_closure1                    : loaded 2 times (x 136B)
Class kotlin.enums.EnumEntriesKt                                                      : loaded 2 times (x 68B)
Class org.gradle.internal.IoActions                                                   : loaded 2 times (x 68B)
Class org.gradle.internal.classloader.SystemClassLoaderSpec                           : loaded 2 times (x 68B)
Class org.gradle.internal.exceptions.MultiCauseException                              : loaded 2 times (x 67B)
Class org.gradle.internal.time.CountdownTimer                                         : loaded 2 times (x 67B)
Class kotlin.jvm.internal.Intrinsics                                                  : loaded 2 times (x 68B)
Class org.gradle.tooling.model.ProjectModel                                           : loaded 2 times (x 67B)
Class kotlin.KotlinNullPointerException                                               : loaded 2 times (x 80B)
Class org.gradle.internal.exceptions.DefaultMultiCauseException                       : loaded 2 times (x 92B)
Class org.gradle.internal.time.Time                                                   : loaded 2 times (x 68B)
Class org.gradle.internal.time.Timer                                                  : loaded 2 times (x 67B)
Class kotlin.jvm.internal.markers.KMappedMarker                                       : loaded 2 times (x 67B)
Class org.gradle.internal.installation.CurrentGradleInstallationLocator               : loaded 2 times (x 68B)
Class org.gradle.internal.service.DefaultServiceLocator                               : loaded 2 times (x 80B)
Class org.gradle.util.GradleVersion                                                   : loaded 2 times (x 80B)
Class org.gradle.internal.installation.CurrentGradleInstallation                      : loaded 2 times (x 70B)
Class org.gradle.util.internal.GUtil                                                  : loaded 2 times (x 68B)
Class org.gradle.internal.installation.GradleInstallation                             : loaded 2 times (x 72B)

---------------  S Y S T E M  ---------------

OS:
 Windows 11 , 64 bit Build 22621 (10.0.22621.4391)
OS uptime: 0 days 2:09 hours
Hyper-V role detected

CPU: total 4 (initial active 4) (2 cores per cpu, 2 threads per core) family 6 model 126 stepping 5 microcode 0xa0, cx8, cmov, fxsr, ht, mmx, 3dnowpref, sse, sse2, sse3, ssse3, sse4.1, sse4.2, popcnt, lzcnt, tsc, tscinvbit, avx, avx2, aes, erms, clmul, bmi1, bmi2, adx, avx512f, avx512dq, avx512cd, avx512bw, avx512vl, sha, fma, vzeroupper, avx512_vpopcntdq, avx512_vpclmulqdq, avx512_vaes, avx512_vnni, clflush, clflushopt, avx512_vbmi2, avx512_vbmi, hv, rdtscp, rdpid, fsrm, gfni, avx512_bitalg, f16c, avx512_ifma
Processor Information for all 4 processors :
  Max Mhz: 1190, Current Mhz: 1190, Mhz Limit: 1190

Memory: 4k page, system-wide physical 3784M (91M free)
TotalPageFile size 15560M (AvailPageFile size 4M)
current process WorkingSet (physical memory assigned to process): 242M, peak: 242M
current process commit charge ("private bytes"): 312M, peak: 313M

vm_info: OpenJDK 64-Bit Server VM (21.0.3+-12282718-b509.11) for windows-amd64 JRE (21.0.3+-12282718-b509.11), built on 2024-08-27T17:34:15Z by "builder" with MS VC++ 16.10 / 16.11 (VS2019)

END.
